<?xml version="1.0" encoding="UTF-8"?>
<!-- Generated by org.testng.reporters.JUnitXMLReporter -->
<testsuite ignored="0" hostname="FFE-Bhuvan-KP" failures="1" tests="1" name="Test" time="7.286" errors="0" timestamp="2025-08-21T12:42:57 IST">
  <testcase classname="fireflink.ninzacrm.automationframework.practice.TestNGPractice" name="sample" time="0.06">
    <failure type="java.lang.AssertionError" message="null">
      <![CDATA[java.lang.AssertionError: null
at fireflink.ninzacrm.automationframework.practice.TestNGPractice.sample(TestNGPractice.java:20)
at java.base/java.util.ArrayList.forEach(ArrayList.java:1596)
... Removed 27 stack frames]]>
    </failure>
  </testcase> <!-- sample -->
</testsuite> <!-- Test -->
